[GIN-debug] [WARNING] Creating an Engine instance with the Logger and Recovery middleware already attached.

[GIN-debug] [WARNING] Running in "debug" mode. Switch to "release" mode in production.
 - using env:	export GIN_MODE=release
 - using code:	gin.SetMode(gin.ReleaseMode)

[GIN-debug] POST   /webhook/event            --> code.byted.org/larkim/oapi_demo/biz.ReceiveEvent (3 handlers)
[GIN-debug] GET    /ping                     --> main.Ping (3 handlers)
[GIN-debug] Listening and serving HTTP on :8089
time="2022-09-28T18:48:07+08:00" level=info msg="without encrypt"
time="2022-09-28T18:48:07+08:00" level=info msg="decrypt event: {\"header\": {\"event_id\": \"09a1d694-3f1b-11ed-ae1f-0242ac110003\", \"event_type\": \"MQ\"}, \"event\": {\"ops\": \"receive\", \"mq_type\": \"jenkins\", \"data\": \"\"}}"
time="2022-09-28T18:48:07+08:00" level=info msg="receive event, event: &{ {09a1d694-3f1b-11ed-ae1f-0242ac110003 MQ    } map[data: mq_type:jenkins ops:receive]}"
time="2022-09-28T18:48:07+08:00" level=info msg="header: {09a1d694-3f1b-11ed-ae1f-0242ac110003 MQ    }"
time="2022-09-28T18:48:07+08:00" level=info msg="eventType: MQ"
time="2022-09-28T18:48:07+08:00" level=error msg="get error" error="redis: nil"
time="2022-09-28T18:48:07+08:00" level=info msg="data out = "
[GIN] 2022/09/28 - 18:48:07 | 200 |     1.44643ms |    58.34.83.130 | POST     "/webhook/event"
time="2022-09-28T18:48:35+08:00" level=info msg="without encrypt"
time="2022-09-28T18:48:35+08:00" level=info msg="decrypt event: {\"header\":{\"event_type\":\"github\"},\"event\":{\"message\":{\"message_type\":\"interactive\",\"content\":\"{\\\"config\\\":{\\\"wide_screen_mode\\\":true},\\\"elements\\\":[{\\\"tag\\\":\\\"div\\\",\\\"text\\\":{\\\"content\\\":\\\"** Request Title: **Create test2\\\\n** Commented By: **kumailf\\\\n** Link: **https://github.com/kumailf/MyPic/pull/14#issuecomment-1260727653\\\",\\\"tag\\\":\\\"lark_md\\\"}}],\\\"header\\\":{\\\"template\\\":\\\"green\\\",\\\"title\\\":{\\\"content\\\":\\\"New PullRequest Comment\\\",\\\"tag\\\":\\\"plain_text\\\"}}}\"}},\"groupname\":\"kumailf/MyPic\"}"
time="2022-09-28T18:48:35+08:00" level=info msg="receive event, event: &{ { github    } map[message:map[content:{\"config\":{\"wide_screen_mode\":true},\"elements\":[{\"tag\":\"div\",\"text\":{\"content\":\"** Request Title: **Create test2\\n** Commented By: **kumailf\\n** Link: **https://github.com/kumailf/MyPic/pull/14#issuecomment-1260727653\",\"tag\":\"lark_md\"}}],\"header\":{\"template\":\"green\",\"title\":{\"content\":\"New PullRequest Comment\",\"tag\":\"plain_text\"}}} message_type:interactive]]}"
time="2022-09-28T18:48:35+08:00" level=info msg="header: { github    }"
time="2022-09-28T18:48:35+08:00" level=info msg="eventType: github"
[GIN] 2022/09/28 - 18:48:35 | 200 |     332.308µs | 150.158.150.128 | POST     "/webhook/event"
time="2022-09-28T18:48:36+08:00" level=info msg="succeed create message, msg_id: om_3861b2cc47a24a95c01ad7ca3a48e300"
time="2022-09-28T18:48:36+08:00" level=info msg="succeed send msg, msg_id: om_3861b2cc47a24a95c01ad7ca3a48e300"
time="2022-09-28T18:49:08+08:00" level=info msg="without encrypt"
time="2022-09-28T18:49:08+08:00" level=info msg="decrypt event: {\"header\": {\"event_id\": \"2e0b099c-3f1b-11ed-ae1f-0242ac110003\", \"event_type\": \"MQ\"}, \"event\": {\"ops\": \"receive\", \"mq_type\": \"jenkins\", \"data\": \"\"}}"
time="2022-09-28T18:49:08+08:00" level=info msg="receive event, event: &{ {2e0b099c-3f1b-11ed-ae1f-0242ac110003 MQ    } map[data: mq_type:jenkins ops:receive]}"
time="2022-09-28T18:49:08+08:00" level=info msg="header: {2e0b099c-3f1b-11ed-ae1f-0242ac110003 MQ    }"
time="2022-09-28T18:49:08+08:00" level=info msg="eventType: MQ"
time="2022-09-28T18:49:08+08:00" level=error msg="get error" error="redis: nil"
time="2022-09-28T18:49:08+08:00" level=info msg="data out = "
[GIN] 2022/09/28 - 18:49:08 | 200 |      1.5075ms |    58.34.83.130 | POST     "/webhook/event"
time="2022-09-28T18:50:09+08:00" level=info msg="without encrypt"
time="2022-09-28T18:50:09+08:00" level=info msg="decrypt event: {\"header\": {\"event_id\": \"5275f9ea-3f1b-11ed-ae1f-0242ac110003\", \"event_type\": \"MQ\"}, \"event\": {\"ops\": \"receive\", \"mq_type\": \"jenkins\", \"data\": \"\"}}"
time="2022-09-28T18:50:09+08:00" level=info msg="receive event, event: &{ {5275f9ea-3f1b-11ed-ae1f-0242ac110003 MQ    } map[data: mq_type:jenkins ops:receive]}"
time="2022-09-28T18:50:09+08:00" level=info msg="header: {5275f9ea-3f1b-11ed-ae1f-0242ac110003 MQ    }"
time="2022-09-28T18:50:09+08:00" level=info msg="eventType: MQ"
time="2022-09-28T18:50:09+08:00" level=error msg="get error" error="redis: nil"
time="2022-09-28T18:50:09+08:00" level=info msg="data out = "
[GIN] 2022/09/28 - 18:50:09 | 200 |    1.531732ms |    58.34.83.130 | POST     "/webhook/event"
time="2022-09-28T18:51:10+08:00" level=info msg="without encrypt"
time="2022-09-28T18:51:10+08:00" level=info msg="decrypt event: {\"header\": {\"event_id\": \"76df7284-3f1b-11ed-ae1f-0242ac110003\", \"event_type\": \"MQ\"}, \"event\": {\"ops\": \"receive\", \"mq_type\": \"jenkins\", \"data\": \"\"}}"
time="2022-09-28T18:51:10+08:00" level=info msg="receive event, event: &{ {76df7284-3f1b-11ed-ae1f-0242ac110003 MQ    } map[data: mq_type:jenkins ops:receive]}"
time="2022-09-28T18:51:10+08:00" level=info msg="header: {76df7284-3f1b-11ed-ae1f-0242ac110003 MQ    }"
time="2022-09-28T18:51:10+08:00" level=info msg="eventType: MQ"
time="2022-09-28T18:51:10+08:00" level=error msg="get error" error="redis: nil"
time="2022-09-28T18:51:10+08:00" level=info msg="data out = "
[GIN] 2022/09/28 - 18:51:10 | 200 |    1.583517ms |    58.34.83.130 | POST     "/webhook/event"
time="2022-09-28T18:52:12+08:00" level=info msg="without encrypt"
time="2022-09-28T18:52:12+08:00" level=info msg="decrypt event: {\"header\": {\"event_id\": \"9b44f23e-3f1b-11ed-ae1f-0242ac110003\", \"event_type\": \"MQ\"}, \"event\": {\"ops\": \"receive\", \"mq_type\": \"jenkins\", \"data\": \"\"}}"
time="2022-09-28T18:52:12+08:00" level=info msg="receive event, event: &{ {9b44f23e-3f1b-11ed-ae1f-0242ac110003 MQ    } map[data: mq_type:jenkins ops:receive]}"
time="2022-09-28T18:52:12+08:00" level=info msg="header: {9b44f23e-3f1b-11ed-ae1f-0242ac110003 MQ    }"
time="2022-09-28T18:52:12+08:00" level=info msg="eventType: MQ"
time="2022-09-28T18:52:12+08:00" level=error msg="get error" error="redis: nil"
time="2022-09-28T18:52:12+08:00" level=info msg="data out = "
[GIN] 2022/09/28 - 18:52:12 | 200 |    1.611033ms |    58.34.83.130 | POST     "/webhook/event"
time="2022-09-28T18:53:13+08:00" level=info msg="without encrypt"
time="2022-09-28T18:53:13+08:00" level=info msg="decrypt event: {\"header\": {\"event_id\": \"bfafc4c8-3f1b-11ed-ae1f-0242ac110003\", \"event_type\": \"MQ\"}, \"event\": {\"ops\": \"receive\", \"mq_type\": \"jenkins\", \"data\": \"\"}}"
time="2022-09-28T18:53:13+08:00" level=info msg="receive event, event: &{ {bfafc4c8-3f1b-11ed-ae1f-0242ac110003 MQ    } map[data: mq_type:jenkins ops:receive]}"
time="2022-09-28T18:53:13+08:00" level=info msg="header: {bfafc4c8-3f1b-11ed-ae1f-0242ac110003 MQ    }"
time="2022-09-28T18:53:13+08:00" level=info msg="eventType: MQ"
time="2022-09-28T18:53:13+08:00" level=error msg="get error" error="redis: nil"
time="2022-09-28T18:53:13+08:00" level=info msg="data out = "
[GIN] 2022/09/28 - 18:53:13 | 200 |     673.981µs |    58.34.83.130 | POST     "/webhook/event"
time="2022-09-28T18:54:14+08:00" level=info msg="without encrypt"
time="2022-09-28T18:54:14+08:00" level=info msg="decrypt event: {\"header\": {\"event_id\": \"e4117316-3f1b-11ed-ae1f-0242ac110003\", \"event_type\": \"MQ\"}, \"event\": {\"ops\": \"receive\", \"mq_type\": \"jenkins\", \"data\": \"\"}}"
time="2022-09-28T18:54:14+08:00" level=info msg="receive event, event: &{ {e4117316-3f1b-11ed-ae1f-0242ac110003 MQ    } map[data: mq_type:jenkins ops:receive]}"
time="2022-09-28T18:54:14+08:00" level=info msg="header: {e4117316-3f1b-11ed-ae1f-0242ac110003 MQ    }"
time="2022-09-28T18:54:14+08:00" level=info msg="eventType: MQ"
time="2022-09-28T18:54:14+08:00" level=error msg="get error" error="redis: nil"
time="2022-09-28T18:54:14+08:00" level=info msg="data out = "
[GIN] 2022/09/28 - 18:54:14 | 200 |    2.562704ms |    58.34.83.130 | POST     "/webhook/event"
time="2022-09-28T18:55:15+08:00" level=info msg="without encrypt"
time="2022-09-28T18:55:15+08:00" level=info msg="decrypt event: {\"header\": {\"event_id\": \"087703c4-3f1c-11ed-ae1f-0242ac110003\", \"event_type\": \"MQ\"}, \"event\": {\"ops\": \"receive\", \"mq_type\": \"jenkins\", \"data\": \"\"}}"
time="2022-09-28T18:55:15+08:00" level=info msg="receive event, event: &{ {087703c4-3f1c-11ed-ae1f-0242ac110003 MQ    } map[data: mq_type:jenkins ops:receive]}"
time="2022-09-28T18:55:15+08:00" level=info msg="header: {087703c4-3f1c-11ed-ae1f-0242ac110003 MQ    }"
time="2022-09-28T18:55:15+08:00" level=info msg="eventType: MQ"
time="2022-09-28T18:55:15+08:00" level=error msg="get error" error="redis: nil"
time="2022-09-28T18:55:15+08:00" level=info msg="data out = "
[GIN] 2022/09/28 - 18:55:15 | 200 |    1.676772ms |    58.34.83.130 | POST     "/webhook/event"
time="2022-09-28T18:55:33+08:00" level=info msg="without encrypt"
time="2022-09-28T18:55:33+08:00" level=info msg="decrypt event: {\"header\": {\"event_id\": \"CJPg7vxzlKqYjV62WZOrQRpuX8FS0ABH\", \"event_type\": \"jenkins\"}, \"event\": {\"message\": {\"message_type\": \"interactive\", \"content\": \"{\\\"config\\\": {\\\"wide_screen_mode\\\": true, \\\"enable_forward\\\": true}, \\\"elements\\\": [{\\\"actions\\\": [{\\\"tag\\\": \\\"button\\\", \\\"text\\\": {\\\"content\\\": \\\"\\\\u8be6\\\\u60c5\\\\u94fe\\\\u63a5 :\\\\u770b:\\\", \\\"tag\\\": \\\"lark_md\\\"}, \\\"url\\\": \\\"http://ci.pjlab.org.cn/job/mmrotate/job/daily_test_v1/11//console\\\", \\\"type\\\": \\\"default\\\", \\\"value\\\": {}}], \\\"tag\\\": \\\"action\\\"}], \\\"header\\\": {\\\"title\\\": {\\\"content\\\": \\\"mmrotate/daily_test_v1 \\\\u5728\\\\u6267\\\\u884c \\\\u96c6\\\\u6210\\\\u6d4b\\\\u8bd5 \\\\u65f6\\\\u62a5\\\\u9519\\\", \\\"tag\\\": \\\"plain_text\\\"}}}\"}}, \"groupname\": \"\\u674e\\u4f73\\u4f26\\u7684\\u673a\\u5668\\u4eba\\u5c0f\\u5c4b\"}"
time="2022-09-28T18:55:33+08:00" level=info msg="receive event, event: &{ {CJPg7vxzlKqYjV62WZOrQRpuX8FS0ABH jenkins    } map[message:map[content:{\"config\": {\"wide_screen_mode\": true, \"enable_forward\": true}, \"elements\": [{\"actions\": [{\"tag\": \"button\", \"text\": {\"content\": \"\\u8be6\\u60c5\\u94fe\\u63a5 :\\u770b:\", \"tag\": \"lark_md\"}, \"url\": \"http://ci.pjlab.org.cn/job/mmrotate/job/daily_test_v1/11//console\", \"type\": \"default\", \"value\": {}}], \"tag\": \"action\"}], \"header\": {\"title\": {\"content\": \"mmrotate/daily_test_v1 \\u5728\\u6267\\u884c \\u96c6\\u6210\\u6d4b\\u8bd5 \\u65f6\\u62a5\\u9519\", \"tag\": \"plain_text\"}}} message_type:interactive]]}"
time="2022-09-28T18:55:33+08:00" level=info msg="header: {CJPg7vxzlKqYjV62WZOrQRpuX8FS0ABH jenkins    }"
time="2022-09-28T18:55:33+08:00" level=info msg="eventType: jenkins"
[GIN] 2022/09/28 - 18:55:33 | 200 |     234.693µs |    106.14.16.47 | POST     "/webhook/event"
time="2022-09-28T18:55:34+08:00" level=info msg="succeed create message, msg_id: om_0ed1a451d849d8841085036c8f17fd59"
time="2022-09-28T18:55:34+08:00" level=info msg="succeed send msg, msg_id: om_0ed1a451d849d8841085036c8f17fd59"
time="2022-09-28T18:56:16+08:00" level=info msg="without encrypt"
time="2022-09-28T18:56:16+08:00" level=info msg="decrypt event: {\"header\": {\"event_id\": \"2ce18f18-3f1c-11ed-ae1f-0242ac110003\", \"event_type\": \"MQ\"}, \"event\": {\"ops\": \"receive\", \"mq_type\": \"jenkins\", \"data\": \"\"}}"
time="2022-09-28T18:56:16+08:00" level=info msg="receive event, event: &{ {2ce18f18-3f1c-11ed-ae1f-0242ac110003 MQ    } map[data: mq_type:jenkins ops:receive]}"
time="2022-09-28T18:56:16+08:00" level=info msg="header: {2ce18f18-3f1c-11ed-ae1f-0242ac110003 MQ    }"
time="2022-09-28T18:56:16+08:00" level=info msg="eventType: MQ"
time="2022-09-28T18:56:16+08:00" level=error msg="get error" error="redis: nil"
time="2022-09-28T18:56:16+08:00" level=info msg="data out = "
[GIN] 2022/09/28 - 18:56:16 | 200 |     818.069µs |    58.34.83.130 | POST     "/webhook/event"
